Wed May 11 11:32:47 2022 [915971][1][FATAL] Mysqli_query failed.
Wed May 11 11:32:47 2022 [915971][1][FATAL] Executing repair query:  Query Failed: ALTER TABLE accounts   add COLUMN `custom_sur_name` char(255)  NULL: MySQL error 1060: Duplicate column name 'custom_sur_name'
Wed May 11 11:32:47 2022 [915971][1][FATAL] Exception handling in /var/www/html/crmwork/include/MVC/Controller/SugarController.php:409
Wed May 11 11:32:47 2022 [915971][1][FATAL] Exception in Controller: Database failure. Please refer to suitecrm.log for details.
Wed May 11 17:53:32 2022 [2908502][1][FATAL] ERROR: There was an error during your upload, please contact an administrator for help.
Wed May 11 17:53:51 2022 [2622945][1][FATAL] ERROR: There was an error during your upload, please contact an administrator for help.
Thu May 12 11:07:42 2022 [1063056][1][FATAL] Bean file does not exist in path: modules/AB_1_Address_Book/AB_1_Address_Book.php
Thu May 12 11:07:42 2022 [1063056][1][FATAL] Bean file does not exist in path: modules/AB_1_Address_Book/AB_1_Address_Book.php
Thu May 12 11:18:29 2022 [1091384][1][FATAL] ERROR: There was an error during your upload, please contact an administrator for help.
Thu May 12 11:19:47 2022 [2999832][1][FATAL] Action = editLayout with unknown view=SearchView
Thu May 12 11:20:01 2022 [1063051][1][FATAL] Action = editLayout with unknown view=SearchView
Thu May 12 11:22:04 2022 [4035932][1][FATAL] UndeployedMetaDataImplementation->getFileName(): view type custom is not recognized
Thu May 12 11:22:04 2022 [4035932][1][FATAL] UndeployedMetaDataImplementation->getFileName(): view type custom is not recognized
Thu May 12 11:22:10 2022 [4035932][1][FATAL] UndeployedMetaDataImplementation->getFileName(): view type custom is not recognized
Thu May 12 11:22:10 2022 [4035932][1][FATAL] UndeployedMetaDataImplementation->getFileName(): view type custom is not recognized
Thu May 12 17:10:40 2022 [1115378][1][FATAL] Failed to load original or custom subpanel data for ab_1_address_book_accounts_1 in modules/Accounts/metadata/subpanels/ForAccounts.php
Thu May 12 17:10:44 2022 [1115378][1][FATAL] Failed to load original or custom subpanel data for ab_1_address_book_accounts_1 in modules/Accounts/metadata/subpanels/ForAccounts.php
Thu May 12 17:10:44 2022 [1115378][1][FATAL] Failed to load original or custom subpanel data for ab_1_address_book_accounts_1 in modules/Accounts/metadata/subpanels/ForAccounts.php
Thu May 12 17:10:44 2022 [1115378][1][FATAL] Subpanel definition should be an aSubPanel
Thu May 12 17:11:11 2022 [863843][1][FATAL] Failed to load original or custom subpanel data for ab_1_address_book_accounts_1 in modules/Accounts/metadata/subpanels/ForAccounts.php
Thu May 12 17:11:11 2022 [863843][1][FATAL] Failed to load original or custom subpanel data for ab_1_address_book_accounts_1 in modules/Accounts/metadata/subpanels/ForAccounts.php
Thu May 12 17:11:11 2022 [863843][1][FATAL] Subpanel definition should be an aSubPanel
Thu May 12 17:11:22 2022 [2940450][1][FATAL] Failed to load original or custom subpanel data for ab_1_address_book_accounts_1 in modules/Accounts/metadata/subpanels/ForAccounts.php
Thu May 12 17:11:22 2022 [2940450][1][FATAL] Failed to load original or custom subpanel data for ab_1_address_book_accounts_1 in modules/Accounts/metadata/subpanels/ForAccounts.php
Thu May 12 17:11:22 2022 [2940450][1][FATAL] Subpanel definition should be an aSubPanel
Thu May 12 17:12:50 2022 [1966439][1][FATAL] Failed to load original or custom subpanel data for ab_1_address_book_accounts_1 in modules/Accounts/metadata/subpanels/ForAccounts.php
Thu May 12 17:12:57 2022 [1115378][1][FATAL] Failed to load original or custom subpanel data for ab_1_address_book_accounts_1 in modules/Accounts/metadata/subpanels/ForAccounts.php
Thu May 12 17:12:57 2022 [1115378][1][FATAL] Failed to load original or custom subpanel data for ab_1_address_book_accounts_1 in modules/Accounts/metadata/subpanels/ForAccounts.php
Thu May 12 17:12:57 2022 [1115378][1][FATAL] Subpanel definition should be an aSubPanel
Thu May 12 17:13:30 2022 [380418][1][FATAL] Failed to load original or custom subpanel data for ab_1_address_book_accounts_1 in modules/Accounts/metadata/subpanels/ForAccounts.php
Thu May 12 17:14:35 2022 [5189][1][FATAL] Failed to load original or custom subpanel data for ab_1_address_book_accounts_1 in modules/Accounts/metadata/subpanels/ForAccounts.php
Thu May 12 17:15:36 2022 [2940450][1][FATAL] Failed to load original or custom subpanel data for ab_1_address_book_accounts_1 in modules/Accounts/metadata/subpanels/ForAccounts.php
Thu May 12 17:16:39 2022 [380418][1][FATAL] Failed to load original or custom subpanel data for ab_1_address_book_accounts_1 in modules/Accounts/metadata/subpanels/ForAccounts.php
Thu May 12 17:16:45 2022 [2469306][1][FATAL] Failed to load original or custom subpanel data for ab_1_address_book_accounts_1 in modules/Accounts/metadata/subpanels/ForAccounts.php
Thu May 12 17:16:45 2022 [2469306][1][FATAL] Failed to load original or custom subpanel data for ab_1_address_book_accounts_1 in modules/Accounts/metadata/subpanels/ForAccounts.php
Thu May 12 17:16:45 2022 [2469306][1][FATAL] Subpanel definition should be an aSubPanel
Thu May 12 17:16:59 2022 [2710423][1][FATAL] Failed to load original or custom subpanel data for ab_1_address_book_accounts_1 in modules/Accounts/metadata/subpanels/ForAccounts.php
Thu May 12 17:16:59 2022 [2710423][1][FATAL] Failed to load original or custom subpanel data for ab_1_address_book_accounts_1 in modules/Accounts/metadata/subpanels/ForAccounts.php
Thu May 12 17:16:59 2022 [2710423][1][FATAL] Subpanel definition should be an aSubPanel
Thu May 12 17:24:18 2022 [2818009][1][FATAL] Failed to load original or custom subpanel data for ab_1_address_book_accounts_1 in modules/Accounts/metadata/subpanels/ForAccounts.php
Thu May 12 17:44:10 2022 [3731498][1][FATAL] Failed to load original or custom subpanel data for ab_1_address_book_accounts_1 in modules/Accounts/metadata/subpanels/ForAccounts.php
